\BOOKMARK [1][-]{section*.1}{\376\377\004\022\004\062\004\065\004\064\004\065\004\075\004\070\004\065}{}% 1
\BOOKMARK [1][-]{section.0.1}{\376\377\004\037\004\076\004\101\004\102\004\060\004\075\004\076\004\062\004\072\004\060\000\040\004\067\004\060\004\064\004\060\004\107\004\070}{}% 2
\BOOKMARK [1][-]{section.0.2}{\376\377\004\020\004\075\004\060\004\073\004\070\004\067\000\040\004\073\004\070\004\102\004\065\004\100\004\060\004\102\004\103\004\100\004\075\004\113\004\105\000\040\004\070\004\101\004\102\004\076\004\107\004\075\004\070\004\072\004\076\004\062}{}% 3
\BOOKMARK [2][-]{subsection.0.2.1}{\376\377\000A\000S\000P\000.\000N\000E\000T\000\040\000C\000o\000r\000e}{section.0.2}% 4
\BOOKMARK [2][-]{subsection.0.2.2}{\376\377\000A\000n\000g\000u\000l\000a\000r}{section.0.2}% 5
\BOOKMARK [2][-]{subsection.0.2.3}{\376\377\004\037\004\100\004\070\004\075\004\106\004\070\004\077\004\113\000\040\004\101\004\076\004\067\004\064\004\060\004\075\004\070\004\117\000\040\000A\000S\000P\000.\000N\000E\000T\000\040\000C\000o\000r\000e\000\040\000W\000e\000b\000A\000p\000i\000\040\000+\000\040\000A\000n\000g\000u\000l\000a\000r\000\040\004\077\004\100\004\070\004\073\004\076\004\066\004\065\004\075\004\070\004\117}{section.0.2}% 6
\BOOKMARK [1][-]{section.0.3}{\376\377\004\036\004\061\004\067\004\076\004\100\000\040\004\060\004\075\004\060\004\073\004\076\004\063\004\076\004\062\000\040\004\070\000\040\004\104\004\076\004\100\004\074\004\070\004\100\004\076\004\062\004\060\004\075\004\070\004\065\000\040\004\104\004\103\004\075\004\072\004\106\004\070\004\076\004\075\004\060\004\073\004\114\004\075\004\113\004\105\000\040\004\102\004\100\004\065\004\061\004\076\004\062\004\060\004\075\004\070\004\071}{}% 7
\BOOKMARK [2][-]{subsection.0.3.1}{\376\377\000S\000t\000e\000a\000m}{section.0.3}% 8
\BOOKMARK [2][-]{subsection.0.3.2}{\376\377\000E\000p\000i\000c\000\040\000G\000a\000m\000e\000s\000\040\000S\000t\000o\000r\000e}{section.0.3}% 9
\BOOKMARK [2][-]{subsection.0.3.3}{\376\377\000O\000r\000i\000g\000i\000n}{section.0.3}% 10
\BOOKMARK [2][-]{subsection.0.3.4}{\376\377\004\044\004\076\004\100\004\074\004\070\004\100\004\076\004\062\004\060\004\075\004\070\004\065\000\040\004\104\004\103\004\075\004\072\004\106\004\070\004\076\004\075\004\060\004\073\004\114\004\075\004\113\004\105\000\040\004\102\004\100\004\065\004\061\004\076\004\062\004\060\004\075\004\070\004\071}{section.0.3}% 11
\BOOKMARK [1][-]{section.0.4}{\376\377\004\037\004\100\004\076\004\065\004\072\004\102\004\070\004\100\004\076\004\062\004\060\004\075\004\070\004\065\000\040\004\070\000\040\004\100\004\060\004\067\004\100\004\060\004\061\004\076\004\102\004\072\004\060\000\040\004\077\004\100\004\076\004\063\004\100\004\060\004\074\004\074\004\075\004\076\004\063\004\076\000\040\004\101\004\100\004\065\004\064\004\101\004\102\004\062\004\060}{}% 12
\BOOKMARK [2][-]{subsection.0.4.1}{\376\377\004\037\004\100\004\076\004\065\004\072\004\102\004\070\004\100\004\076\004\062\004\060\004\075\004\070\004\065\000\040\004\060\004\100\004\105\004\070\004\102\004\065\004\072\004\102\004\103\004\100\004\113\000\040\004\077\004\100\004\076\004\063\004\100\004\060\004\074\004\074\004\075\004\076\004\063\004\076\000\040\004\101\004\100\004\065\004\064\004\101\004\102\004\062\004\060}{section.0.4}% 13
\BOOKMARK [1][-]{section.0.5}{\376\377\004\042\004\065\004\101\004\102\004\070\004\100\004\076\004\062\004\060\004\075\004\070\004\065}{}% 14
\BOOKMARK [1][-]{section.0.6}{\376\377\004\040\004\103\004\072\004\076\004\062\004\076\004\064\004\101\004\102\004\062\004\076\000\040\004\077\004\076\004\073\004\114\004\067\004\076\004\062\004\060\004\102\004\065\004\073\004\117}{}% 15
\BOOKMARK [2][-]{subsection.0.6.1}{\376\377\004\041\004\102\004\060\004\100\004\102\000\040\004\101\004\065\004\100\004\062\004\065\004\100\004\060}{section.0.6}% 16
\BOOKMARK [2][-]{subsection.0.6.2}{\376\377\004\036\004\101\004\102\004\060\004\075\004\076\004\062\004\072\004\060\000\040\004\101\004\065\004\100\004\062\004\065\004\100\004\060}{section.0.6}% 17
\BOOKMARK [2][-]{subsection.0.6.3}{\376\377\004\025\004\064\004\070\004\075\004\076\004\100\004\060\004\067\004\076\004\062\004\060\004\117\000\040\004\075\004\060\004\101\004\102\004\100\004\076\004\071\004\072\004\060\000\040\004\077\004\100\004\076\004\063\004\100\004\060\004\074\004\074\004\075\004\076\004\063\004\076\000\040\004\101\004\100\004\065\004\064\004\101\004\102\004\062\004\060\000\040\004\074\004\076\004\075\004\070\004\102\004\076\004\100\004\070\004\075\004\063\004\060\000\040\004\077\004\076\004\073\004\114\004\067\004\076\004\062\004\060\004\102\004\065\004\073\004\114\004\101\004\072\004\076\004\063\004\076\000\040\004\062\004\062\004\076\004\064\004\060}{section.0.6}% 18
\BOOKMARK [1][-]{section*.24}{\376\377\004\027\004\060\004\072\004\073\004\116\004\107\004\065\004\075\004\070\004\065}{}% 19
\BOOKMARK [1][-]{section*.25}{\376\377\000C\004\077\004\070\004\101\004\076\004\072\000\040\004\070\004\101\004\077\004\076\004\073\004\114\004\067\004\076\004\062\004\060\004\075\004\075\004\113\004\105\000\040\004\070\004\101\004\102\004\076\004\107\004\075\004\070\004\072\004\076\004\062}{}% 20
\BOOKMARK [1][-]{section*.26}{\376\377\004\037\004\100\004\070\004\073\004\076\004\066\004\065\004\075\004\070\004\065\000\040\004\020}{}% 21
